<?xml version="1.0" encoding="utf-8"?><testsuites name="pytest tests"><testsuite name="pytest" errors="0" failures="0" skipped="0" tests="27" time="4.938" timestamp="2026-07-19T04:30:07.131299+00:00" hostname="agent-env-a84a71b2-9edd-475d-b44d-52b67183fbef"><testcase classname="backend.tests.test_backend_api.TestAuth" name="test_register_client_returns_token" time="0.755" /><testcase classname="backend.tests.test_backend_api.TestAuth" name="test_register_duplicate_email_returns_400" time="0.364" /><testcase classname="backend.tests.test_backend_api.TestAuth" name="test_login_admin_success" time="0.295" /><testcase classname="backend.tests.test_backend_api.TestAuth" name="test_login_wrong_password_returns_401" time="0.289" /><testcase classname="backend.tests.test_backend_api.TestAuth" name="test_get_me_with_valid_token" time="0.371" /><testcase classname="backend.tests.test_backend_api.TestAuth" name="test_get_me_without_token_unauthorized" time="0.303" /><testcase classname="backend.tests.test_backend_api.TestServices" name="test_get_services_public" time="0.034" /><testcase classname="backend.tests.test_backend_api.TestServices" name="test_admin_can_create_service" time="0.137" /><testcase classname="backend.tests.test_backend_api.TestServices" name="test_client_cannot_create_service_403" time="0.066" /><testcase classname="backend.tests.test_backend_api.TestServices" name="test_barber_cannot_create_service_403" time="0.668" /><testcase classname="backend.tests.test_backend_api.TestServices" name="test_admin_can_delete_service" time="0.168" /><testcase classname="backend.tests.test_backend_api.TestServices" name="test_client_cannot_delete_service_403" time="0.142" /><testcase classname="backend.tests.test_backend_api.TestBarbers" name="test_admin_creates_barber_with_qr" time="0.000" /><testcase classname="backend.tests.test_backend_api.TestBarbers" name="test_get_barbers_list" time="0.082" /><testcase classname="backend.tests.test_backend_api.TestBarbers" name="test_get_barber_by_id" time="0.069" /><testcase classname="backend.tests.test_backend_api.TestBarbers" name="test_client_cannot_create_barber_403" time="0.075" /><testcase classname="backend.tests.test_backend_api.TestBarbers" name="test_barber_cannot_create_barber_403" time="0.074" /><testcase classname="backend.tests.test_backend_api.TestBookings" name="test_available_slots_full_before_booking" time="0.080" /><testcase classname="backend.tests.test_backend_api.TestBookings" name="test_client_creates_booking" time="0.151" /><testcase classname="backend.tests.test_backend_api.TestBookings" name="test_double_booking_returns_400" time="0.148" /><testcase classname="backend.tests.test_backend_api.TestBookings" name="test_available_slots_excludes_booked" time="0.052" /><testcase classname="backend.tests.test_backend_api.TestBookings" name="test_onsite_payment_status_pending" time="0.150" /><testcase classname="backend.tests.test_backend_api.TestBookings" name="test_client_sees_only_own_bookings" time="0.070" /><testcase classname="backend.tests.test_backend_api.TestBookings" name="test_barber_sees_own_schedule" time="0.071" /><testcase classname="backend.tests.test_backend_api.TestBookings" name="test_admin_sees_all_bookings" time="0.057" /><testcase classname="backend.tests.test_backend_api.TestBookings" name="test_update_booking_status_completed" time="0.145" /><testcase classname="backend.tests.test_backend_api.TestBookings" name="test_booking_invalid_service_returns_404" time="0.071" /></testsuite></testsuites>